  Bank_System.cpp
C:\c++\oop\Bank_System\clsString.h(39,1): warning C4267: 'return': conversion from 'size_t' to 'short', possible loss of data
C:\c++\oop\Bank_System\clsString.h(44,1): warning C4267: 'return': conversion from 'size_t' to 'short', possible loss of data
C:\c++\oop\Bank_System\clsString.h(56,1): warning C4267: '=': conversion from 'size_t' to 'short', possible loss of data
C:\c++\oop\Bank_System\clsString.h(87,29): warning C4018: '<': signed/unsigned mismatch
C:\c++\oop\Bank_System\clsString.h(114,29): warning C4018: '<': signed/unsigned mismatch
C:\c++\oop\Bank_System\clsString.h(140,29): warning C4018: '<': signed/unsigned mismatch
C:\c++\oop\Bank_System\clsString.h(154,29): warning C4018: '<': signed/unsigned mismatch
C:\c++\oop\Bank_System\clsString.h(173,29): warning C4018: '<': signed/unsigned mismatch
C:\c++\oop\Bank_System\clsString.h(193,1): warning C4267: 'return': conversion from 'size_t' to 'short', possible loss of data
C:\c++\oop\Bank_System\clsString.h(198,29): warning C4018: '<': signed/unsigned mismatch
C:\c++\oop\Bank_System\clsString.h(220,29): warning C4018: '<': signed/unsigned mismatch
C:\c++\oop\Bank_System\clsString.h(241,29): warning C4018: '<': signed/unsigned mismatch
C:\c++\oop\Bank_System\clsString.h(262,29): warning C4018: '<': signed/unsigned mismatch
C:\c++\oop\Bank_System\clsString.h(299,29): warning C4018: '<': signed/unsigned mismatch
C:\c++\oop\Bank_System\clsString.h(324,1): warning C4267: '=': conversion from 'size_t' to 'short', possible loss of data
C:\c++\oop\Bank_System\clsString.h(353,29): warning C4018: '<': signed/unsigned mismatch
C:\c++\oop\Bank_System\clsString.h(372,1): warning C4267: 'initializing': conversion from 'size_t' to 'short', possible loss of data
C:\c++\oop\Bank_System\clsString.h(497,29): warning C4018: '<': signed/unsigned mismatch
C:\c++\oop\Bank_System\clsInputValidate.h(112,16): warning C4244: 'initializing': conversion from 'double' to 'float', possible loss of data
C:\c++\oop\Bank_System\clsInputValidate.h(116,26): warning C4244: '=': conversion from 'double' to 'float', possible loss of data
C:\c++\oop\Bank_System\clsBankClient.h(28,65): warning C4244: 'argument': conversion from 'double' to 'float', possible loss of data
C:\c++\oop\Bank_System\clsBankClient.h(357,1): warning C4244: '+=': conversion from 'double' to 'float', possible loss of data
C:\c++\oop\Bank_System\clsBankClient.h(370,1): warning C4244: '-=': conversion from 'double' to 'float', possible loss of data
C:\c++\oop\Bank_System\clsAddNewClientScreen.h(30,66): warning C4244: 'argument': conversion from 'double' to 'float', possible loss of data
C:\c++\oop\Bank_System\clsUpdateClientScreen.h(47,66): warning C4244: 'argument': conversion from 'double' to 'float', possible loss of data
C:\c++\oop\Bank_System\clsUtil.h(64,1): warning C4102: 'defualt': unreferenced label
C:\c++\oop\Bank_System\clsTotalBalancesScreen.h(57,82): warning C4244: 'argument': conversion from 'double' to 'int', possible loss of data
C:\c++\oop\Bank_System\clsBankClient.h(312): warning C4715: 'clsBankClient::Save': not all control paths return a value
  Bank_System.vcxproj -> C:\c++\oop\Bank_System\Debug\Bank_System.exe
